app/build/intermediates/manifest_merge_blame_file/release/manifest-merger-blame-release-report.txt
1<?xml version="1.0" encoding="utf-8"?>
2<manifest xmlns:android="http://schemas.android.com/apk/res/android"
3    package="com.bima.maknews"
4    android:versionCode="1"
5    android:versionName="1.0" >
6
7    <uses-sdk
8        android:minSdkVersion="21"
8-->src\main\AndroidManifest.xml
9        android:targetSdkVersion="29" />
9-->src\main\AndroidManifest.xml
10
11    <uses-permission android:name="android.permission.ACCESS_NETWORK_STATE" />
11-->src\main\AndroidManifest.xml:6:5-79
11-->src\main\AndroidManifest.xml:6:22-76
12    <uses-permission android:name="android.permission.INTERNET" />
12-->src\main\AndroidManifest.xml:7:5-67
12-->src\main\AndroidManifest.xml:7:22-64
13    <uses-permission android:name="android.permission.WAKE_LOCK" />
13-->[com.google.android.gms:play-services-measurement-sdk-api:17.1.0] AndroidManifest.xml:25:5-68
13-->[com.google.android.gms:play-services-measurement-sdk-api:17.1.0] AndroidManifest.xml:25:22-65
14
15    <application
15-->src\main\AndroidManifest.xml:9:5-57:19
16        android:allowBackup="true"
16-->src\main\AndroidManifest.xml:10:9-35
17        android:appComponentFactory="androidx.core.app.CoreComponentFactory"
17-->[androidx.core:core:1.1.0] AndroidManifest.xml:24:18-86
18        android:icon="@mipmap/ic_launcher"
18-->src\main\AndroidManifest.xml:11:9-43
19        android:label="@string/app_name"
19-->src\main\AndroidManifest.xml:12:9-41
20        android:roundIcon="@mipmap/ic_launcher_round"
20-->src\main\AndroidManifest.xml:13:9-54
21        android:supportsRtl="true"
21-->src\main\AndroidManifest.xml:14:9-35
22        android:theme="@style/AppTheme"
22-->src\main\AndroidManifest.xml:15:9-40
23        android:usesCleartextTraffic="true" >
23-->src\main\AndroidManifest.xml:16:9-44
24        <activity android:name="com.bima.maknews.activities.LoginActivity" />
24-->src\main\AndroidManifest.xml:18:9-71
24-->src\main\AndroidManifest.xml:18:19-59
25        <activity android:name="com.bima.maknews.activities.RegistrasiActivity" />
25-->src\main\AndroidManifest.xml:19:9-67
25-->src\main\AndroidManifest.xml:19:19-64
26        <activity
26-->src\main\AndroidManifest.xml:20:9-31:20
27            android:name="com.bima.maknews.activities.SplashScreen"
27-->src\main\AndroidManifest.xml:21:13-52
28            android:label="@string/app_name"
28-->src\main\AndroidManifest.xml:22:13-45
29            android:noHistory="true"
29-->src\main\AndroidManifest.xml:23:13-37
30            android:screenOrientation="portrait"
30-->src\main\AndroidManifest.xml:24:13-49
31            android:theme="@style/AppTheme" >
31-->src\main\AndroidManifest.xml:25:13-44
32            <intent-filter>
32-->src\main\AndroidManifest.xml:26:13-30:29
33                <action android:name="android.intent.action.MAIN" />
33-->src\main\AndroidManifest.xml:27:17-69
33-->src\main\AndroidManifest.xml:27:25-66
34
35                <category android:name="android.intent.category.LAUNCHER" />
35-->src\main\AndroidManifest.xml:29:17-77
35-->src\main\AndroidManifest.xml:29:27-74
36            </intent-filter>
37        </activity>
38        <activity android:name="com.bima.maknews.activities.MainActivity" />
38-->src\main\AndroidManifest.xml:32:9-61
38-->src\main\AndroidManifest.xml:32:19-58
39        <activity
39-->src\main\AndroidManifest.xml:33:9-35:52
40            android:name="com.bima.maknews.activities.EntertaimentActivity"
40-->src\main\AndroidManifest.xml:34:13-60
41            android:screenOrientation="portrait" />
41-->src\main\AndroidManifest.xml:35:13-49
42        <activity
42-->src\main\AndroidManifest.xml:36:9-38:52
43            android:name="com.bima.maknews.activities.HealthActivity"
43-->src\main\AndroidManifest.xml:37:13-54
44            android:screenOrientation="portrait" />
44-->src\main\AndroidManifest.xml:38:13-49
45        <activity
45-->src\main\AndroidManifest.xml:39:9-41:52
46            android:name="com.bima.maknews.activities.BusinessActivity"
46-->src\main\AndroidManifest.xml:40:13-56
47            android:screenOrientation="portrait" />
47-->src\main\AndroidManifest.xml:41:13-49
48        <activity
48-->src\main\AndroidManifest.xml:42:9-44:52
49            android:name="com.bima.maknews.activities.TechnologyActivity"
49-->src\main\AndroidManifest.xml:43:13-58
50            android:screenOrientation="portrait" />
50-->src\main\AndroidManifest.xml:44:13-49
51        <activity
51-->src\main\AndroidManifest.xml:45:9-47:52
52            android:name="com.bima.maknews.activities.HeadLineActivity"
52-->src\main\AndroidManifest.xml:46:13-56
53            android:screenOrientation="portrait" />
53-->src\main\AndroidManifest.xml:47:13-49
54        <activity
54-->src\main\AndroidManifest.xml:48:9-50:52
55            android:name="com.bima.maknews.activities.SportsNewsActivity"
55-->src\main\AndroidManifest.xml:49:13-58
56            android:screenOrientation="portrait" />
56-->src\main\AndroidManifest.xml:50:13-49
57        <activity
57-->src\main\AndroidManifest.xml:51:9-53:52
58            android:name="com.bima.maknews.activities.OpenNewsActivity"
58-->src\main\AndroidManifest.xml:52:13-56
59            android:screenOrientation="portrait" /> <!-- Sample AdMob App ID: ca-app-pub-3940256099942544~3347511713 -->
59-->src\main\AndroidManifest.xml:53:13-49
60        <meta-data
60-->src\main\AndroidManifest.xml:54:9-56:70
61            android:name="com.google.android.gms.ads.APPLICATION_ID"
61-->src\main\AndroidManifest.xml:55:13-69
62            android:value="ca-app-pub-2590700146308025~9482011571" />
62-->src\main\AndroidManifest.xml:56:13-67
63
64        <activity
64-->[com.google.firebase:firebase-auth:16.0.5] AndroidManifest.xml:24:9-31:50
65            android:name="com.google.firebase.auth.internal.FederatedSignInActivity"
65-->[com.google.firebase:firebase-auth:16.0.5] AndroidManifest.xml:25:13-85
66            android:excludeFromRecents="true"
66-->[com.google.firebase:firebase-auth:16.0.5] AndroidManifest.xml:26:13-46
67            android:exported="true"
67-->[com.google.firebase:firebase-auth:16.0.5] AndroidManifest.xml:27:13-36
68            android:launchMode="singleTask"
68-->[com.google.firebase:firebase-auth:16.0.5] AndroidManifest.xml:28:13-44
69            android:permission="com.google.firebase.auth.api.gms.permission.LAUNCH_FEDERATED_SIGN_IN"
69-->[com.google.firebase:firebase-auth:16.0.5] AndroidManifest.xml:29:13-102
70            android:theme="@android:style/Theme.Translucent.NoTitleBar" />
70-->[com.google.firebase:firebase-auth:16.0.5] AndroidManifest.xml:30:13-72
71
72        <service
72-->[com.google.firebase:firebase-auth:16.0.5] AndroidManifest.xml:33:9-39:19
73            android:name="com.google.firebase.components.ComponentDiscoveryService"
73-->[com.google.firebase:firebase-auth:16.0.5] AndroidManifest.xml:34:13-84
74            android:exported="false" >
74-->[com.google.firebase:firebase-auth:16.0.5] AndroidManifest.xml:35:13-37
75            <meta-data
75-->[com.google.firebase:firebase-auth:16.0.5] AndroidManifest.xml:36:13-38:85
76                android:name="com.google.firebase.components:com.google.firebase.auth.FirebaseAuthRegistrar"
76-->[com.google.firebase:firebase-auth:16.0.5] AndroidManifest.xml:37:17-109
77                android:value="com.google.firebase.components.ComponentRegistrar" />
77-->[com.google.firebase:firebase-auth:16.0.5] AndroidManifest.xml:38:17-82
78        </service>
79
80        <activity
80-->[com.google.android.gms:play-services-base:16.0.1] AndroidManifest.xml:23:9-26:75
81            android:name="com.google.android.gms.common.api.GoogleApiActivity"
81-->[com.google.android.gms:play-services-base:16.0.1] AndroidManifest.xml:24:13-79
82            android:exported="false"
82-->[com.google.android.gms:play-services-base:16.0.1] AndroidManifest.xml:25:13-37
83            android:theme="@android:style/Theme.Translucent.NoTitleBar" />
83-->[com.google.android.gms:play-services-base:16.0.1] AndroidManifest.xml:26:13-72
84
85        <provider
85-->[com.google.firebase:firebase-common:16.0.3] AndroidManifest.xml:10:9-14:39
86            android:name="com.google.firebase.provider.FirebaseInitProvider"
86-->[com.google.firebase:firebase-common:16.0.3] AndroidManifest.xml:11:13-77
87            android:authorities="com.bima.maknews.firebaseinitprovider"
87-->[com.google.firebase:firebase-common:16.0.3] AndroidManifest.xml:12:13-72
88            android:exported="false"
88-->[com.google.firebase:firebase-common:16.0.3] AndroidManifest.xml:13:13-37
89            android:initOrder="100" /> <!-- Include the AdActivity and InAppPurchaseActivity configChanges and themes. -->
89-->[com.google.firebase:firebase-common:16.0.3] AndroidManifest.xml:14:13-36
90        <activity
90-->[com.google.android.gms:play-services-ads-lite:19.0.1] AndroidManifest.xml:29:9-33:64
91            android:name="com.google.android.gms.ads.AdActivity"
91-->[com.google.android.gms:play-services-ads-lite:19.0.1] AndroidManifest.xml:30:13-65
92            android:configChanges="keyboard|keyboardHidden|orientation|screenLayout|uiMode|screenSize|smallestScreenSize"
92-->[com.google.android.gms:play-services-ads-lite:19.0.1] AndroidManifest.xml:31:13-122
93            android:exported="false"
93-->[com.google.android.gms:play-services-ads-lite:19.0.1] AndroidManifest.xml:32:13-37
94            android:theme="@android:style/Theme.Translucent" />
94-->[com.google.android.gms:play-services-ads-lite:19.0.1] AndroidManifest.xml:33:13-61
95
96        <provider
96-->[com.google.android.gms:play-services-ads-lite:19.0.1] AndroidManifest.xml:35:9-39:39
97            android:name="com.google.android.gms.ads.MobileAdsInitProvider"
97-->[com.google.android.gms:play-services-ads-lite:19.0.1] AndroidManifest.xml:36:13-76
98            android:authorities="com.bima.maknews.mobileadsinitprovider"
98-->[com.google.android.gms:play-services-ads-lite:19.0.1] AndroidManifest.xml:37:13-73
99            android:exported="false"
99-->[com.google.android.gms:play-services-ads-lite:19.0.1] AndroidManifest.xml:38:13-37
100            android:initOrder="100" />
100-->[com.google.android.gms:play-services-ads-lite:19.0.1] AndroidManifest.xml:39:13-36
101
102        <meta-data
102-->[com.google.android.gms:play-services-basement:17.0.0] AndroidManifest.xml:23:9-25:69
103            android:name="com.google.android.gms.version"
103-->[com.google.android.gms:play-services-basement:17.0.0] AndroidManifest.xml:24:13-58
104            android:value="@integer/google_play_services_version" />
104-->[com.google.android.gms:play-services-basement:17.0.0] AndroidManifest.xml:25:13-66
105    </application>
106
107</manifest>